[URLDuplicationEliminator.java:56] [2015-08-27] [00:01:34] [<init>]: [1] Reuse existing bloomfilter
[WebCrawler.java:63] [2015-08-27] [00:01:34] [run]: [12] Start thread 12
[WebCrawler.java:63] [2015-08-27] [00:01:34] [run]: [11] Start thread 11
[WebCrawler.java:63] [2015-08-27] [00:01:34] [run]: [13] Start thread 13
[WebCrawler.java:63] [2015-08-27] [00:01:34] [run]: [15] Start thread 15
[WebCrawler.java:63] [2015-08-27] [00:01:34] [run]: [14] Start thread 14
[Frontier.java:169] [2015-08-27] [00:01:34] [pullUrlsInternal]: [12] Create new back end queue with new domain http://web.stanford.edu
[Frontier.java:191] [2015-08-27] [00:01:34] [pullUrlsInternal]: [12] Num backend queues : 1
Domain http://web.stanford.edu with queue size 1

[Frontier.java:72] [2015-08-27] [00:01:34] [pullUrl]: [12] Pull url Id = -1, Link = http://web.stanford.edu/class/cs345/, Original Link = http://web.stanford.edu/class/cs345/, Domain = http://web.stanford.edu, Absolute = true, Priority = 1, ExtractedTime = 0, Download Duration = -2147483648, 
[Frontier.java:144] [2015-08-27] [00:01:34] [pullUrlsInternal]: [14] No more url in the front end queue to crawl
[Frontier.java:106] [2015-08-27] [00:01:34] [pullUrls]: [14] Pull urls fail with hr = CR_EMPTY_QUEUE
[Frontier.java:67] [2015-08-27] [00:01:34] [pullUrl]: [14] Pull url fail with hr = CR_EMPTY_QUEUE
[Helper.java:131] [2015-08-27] [00:01:34] [waitSec]: [14] Wait for 9125 millisec
[Frontier.java:144] [2015-08-27] [00:01:34] [pullUrlsInternal]: [15] No more url in the front end queue to crawl
[Frontier.java:106] [2015-08-27] [00:01:34] [pullUrls]: [15] Pull urls fail with hr = CR_EMPTY_QUEUE
[Frontier.java:67] [2015-08-27] [00:01:34] [pullUrl]: [15] Pull url fail with hr = CR_EMPTY_QUEUE
[Helper.java:131] [2015-08-27] [00:01:34] [waitSec]: [15] Wait for 6937 millisec
[Frontier.java:144] [2015-08-27] [00:01:34] [pullUrlsInternal]: [13] No more url in the front end queue to crawl
[Frontier.java:106] [2015-08-27] [00:01:34] [pullUrls]: [13] Pull urls fail with hr = CR_EMPTY_QUEUE
[Frontier.java:67] [2015-08-27] [00:01:34] [pullUrl]: [13] Pull url fail with hr = CR_EMPTY_QUEUE
[Helper.java:131] [2015-08-27] [00:01:34] [waitSec]: [13] Wait for 5422 millisec
[Frontier.java:144] [2015-08-27] [00:01:34] [pullUrlsInternal]: [11] No more url in the front end queue to crawl
[Frontier.java:106] [2015-08-27] [00:01:34] [pullUrls]: [11] Pull urls fail with hr = CR_EMPTY_QUEUE
[Frontier.java:67] [2015-08-27] [00:01:34] [pullUrl]: [11] Pull url fail with hr = CR_EMPTY_QUEUE
[Helper.java:131] [2015-08-27] [00:01:34] [waitSec]: [11] Wait for 8504 millisec
[HttpFetcher.java:77] [2015-08-27] [00:01:34] [getWebPage]: [12] Download successfully link http://web.stanford.edu/class/cs345 after 0 retries with user agent Mozilla/5.0 (Windows; U; Windows NT 5.1; en-US; rv:1.8.1.14) Gecko/20080404 Firefox/2.0.0.14
[HttpFetcher.java:80] [2015-08-27] [00:01:34] [getWebPage]: [12] duration here = 454 start time = 1440658894179 current time = 1440658894633
[HTMLCompressor.java:57] [2015-08-27] [00:01:34] [compressHtmlContent]: [12] Original length = 327
[HTMLCompressor.java:60] [2015-08-27] [00:01:34] [compressHtmlContent]: [12] Compressed length = 290
[LinkExtractor.java:94] [2015-08-27] [00:01:34] [extractURLs]: [12] Extract links: . Size: 0
[URLPrioritizer.java:97] [2015-08-27] [00:01:34] [computeRelevanceScore]: [12] Compute score for url http://web.stanford.edu/class/cs345: score = 0, headerScore = 0, descriptionScore = 0, bodyScore = 0
[Frontier.java:264] [2015-08-27] [00:01:34] [pushUrls]: [12] Front end queue size : 0
[Frontier.java:50] [2015-08-27] [00:01:34] [releaseBackEndQueue]: [12] Push back back end queue of domain http://web.stanford.edu with download duration 454
[RawHTMLDAOJDBC.java:144] [2015-08-27] [00:01:34] [create]: [12] INSERT INTO RawHTML 1, Content Length = 290
[Frontier.java:144] [2015-08-27] [00:01:34] [pullUrlsInternal]: [12] No more url in the front end queue to crawl
[Frontier.java:106] [2015-08-27] [00:01:34] [pullUrls]: [12] Pull urls fail with hr = CR_EMPTY_QUEUE
[Frontier.java:67] [2015-08-27] [00:01:34] [pullUrl]: [12] Pull url fail with hr = CR_EMPTY_QUEUE
[Helper.java:131] [2015-08-27] [00:01:34] [waitSec]: [12] Wait for 9323 millisec
[Frontier.java:144] [2015-08-27] [00:01:39] [pullUrlsInternal]: [13] No more url in the front end queue to crawl
[Frontier.java:106] [2015-08-27] [00:01:39] [pullUrls]: [13] Pull urls fail with hr = CR_EMPTY_QUEUE
[Frontier.java:67] [2015-08-27] [00:01:39] [pullUrl]: [13] Pull url fail with hr = CR_EMPTY_QUEUE
[Helper.java:131] [2015-08-27] [00:01:39] [waitSec]: [13] Wait for 6254 millisec
[Frontier.java:144] [2015-08-27] [00:01:41] [pullUrlsInternal]: [15] No more url in the front end queue to crawl
[Frontier.java:106] [2015-08-27] [00:01:41] [pullUrls]: [15] Pull urls fail with hr = CR_EMPTY_QUEUE
[Frontier.java:67] [2015-08-27] [00:01:41] [pullUrl]: [15] Pull url fail with hr = CR_EMPTY_QUEUE
[Helper.java:131] [2015-08-27] [00:01:41] [waitSec]: [15] Wait for 7668 millisec
[Frontier.java:144] [2015-08-27] [00:01:42] [pullUrlsInternal]: [11] No more url in the front end queue to crawl
[Frontier.java:106] [2015-08-27] [00:01:42] [pullUrls]: [11] Pull urls fail with hr = CR_EMPTY_QUEUE
[Frontier.java:67] [2015-08-27] [00:01:42] [pullUrl]: [11] Pull url fail with hr = CR_EMPTY_QUEUE
[Helper.java:131] [2015-08-27] [00:01:42] [waitSec]: [11] Wait for 6593 millisec
[Frontier.java:144] [2015-08-27] [00:01:43] [pullUrlsInternal]: [14] No more url in the front end queue to crawl
[Frontier.java:106] [2015-08-27] [00:01:43] [pullUrls]: [14] Pull urls fail with hr = CR_EMPTY_QUEUE
[Frontier.java:67] [2015-08-27] [00:01:43] [pullUrl]: [14] Pull url fail with hr = CR_EMPTY_QUEUE
[Helper.java:131] [2015-08-27] [00:01:43] [waitSec]: [14] Wait for 9317 millisec
[Frontier.java:144] [2015-08-27] [00:01:44] [pullUrlsInternal]: [12] No more url in the front end queue to crawl
[Frontier.java:106] [2015-08-27] [00:01:44] [pullUrls]: [12] Pull urls fail with hr = CR_EMPTY_QUEUE
[Frontier.java:67] [2015-08-27] [00:01:44] [pullUrl]: [12] Pull url fail with hr = CR_EMPTY_QUEUE
[Helper.java:131] [2015-08-27] [00:01:44] [waitSec]: [12] Wait for 6775 millisec
[Frontier.java:144] [2015-08-27] [00:01:45] [pullUrlsInternal]: [13] No more url in the front end queue to crawl
[Frontier.java:106] [2015-08-27] [00:01:45] [pullUrls]: [13] Pull urls fail with hr = CR_EMPTY_QUEUE
[Frontier.java:67] [2015-08-27] [00:01:45] [pullUrl]: [13] Pull url fail with hr = CR_EMPTY_QUEUE
[Helper.java:131] [2015-08-27] [00:01:45] [waitSec]: [13] Wait for 5721 millisec
[Frontier.java:144] [2015-08-27] [00:01:48] [pullUrlsInternal]: [15] No more url in the front end queue to crawl
[Frontier.java:106] [2015-08-27] [00:01:48] [pullUrls]: [15] Pull urls fail with hr = CR_EMPTY_QUEUE
[Frontier.java:67] [2015-08-27] [00:01:48] [pullUrl]: [15] Pull url fail with hr = CR_EMPTY_QUEUE
[Helper.java:131] [2015-08-27] [00:01:48] [waitSec]: [15] Wait for 7083 millisec
[Frontier.java:144] [2015-08-27] [00:01:49] [pullUrlsInternal]: [11] No more url in the front end queue to crawl
[Frontier.java:106] [2015-08-27] [00:01:49] [pullUrls]: [11] Pull urls fail with hr = CR_EMPTY_QUEUE
[Frontier.java:67] [2015-08-27] [00:01:49] [pullUrl]: [11] Pull url fail with hr = CR_EMPTY_QUEUE
[Helper.java:131] [2015-08-27] [00:01:49] [waitSec]: [11] Wait for 6983 millisec
[Frontier.java:144] [2015-08-27] [00:01:50] [pullUrlsInternal]: [12] No more url in the front end queue to crawl
[Frontier.java:106] [2015-08-27] [00:01:50] [pullUrls]: [12] Pull urls fail with hr = CR_EMPTY_QUEUE
[Frontier.java:67] [2015-08-27] [00:01:50] [pullUrl]: [12] Pull url fail with hr = CR_EMPTY_QUEUE
[Helper.java:131] [2015-08-27] [00:01:50] [waitSec]: [12] Wait for 5697 millisec
[Frontier.java:144] [2015-08-27] [00:01:51] [pullUrlsInternal]: [13] No more url in the front end queue to crawl
[Frontier.java:106] [2015-08-27] [00:01:51] [pullUrls]: [13] Pull urls fail with hr = CR_EMPTY_QUEUE
[Frontier.java:67] [2015-08-27] [00:01:51] [pullUrl]: [13] Pull url fail with hr = CR_EMPTY_QUEUE
[Helper.java:131] [2015-08-27] [00:01:51] [waitSec]: [13] Wait for 5494 millisec
[Frontier.java:144] [2015-08-27] [00:01:52] [pullUrlsInternal]: [14] No more url in the front end queue to crawl
[Frontier.java:106] [2015-08-27] [00:01:52] [pullUrls]: [14] Pull urls fail with hr = CR_EMPTY_QUEUE
[Frontier.java:67] [2015-08-27] [00:01:52] [pullUrl]: [14] Pull url fail with hr = CR_EMPTY_QUEUE
